State 34 conflicts: 4 shift/reduce
State 35 conflicts: 4 shift/reduce
State 36 conflicts: 4 shift/reduce
State 37 conflicts: 4 shift/reduce


Grammar

    0 $accept: expression "end of file"

    1 $@1: ε

    2 expression: scalar_expression $@1 "end of file"
    3           | OANGLE vector_field CANGLE "end of file"

    4 vector_field: three_field
    5             | two_field

    6 $@2: ε

    7 two_field: scalar_expression $@2 COMMA scalar_expression

    8 three_field: two_field COMMA scalar_expression

    9 scalar_expression: SIN OPAREN scalar_expression CPAREN
   10                  | COS OPAREN scalar_expression CPAREN
   11                  | TAN OPAREN scalar_expression CPAREN
   12                  | scalar_expression MULTIPLY scalar_expression
   13                  | scalar_expression DIVIDE scalar_expression
   14                  | scalar_expression PLUS scalar_expression
   15                  | scalar_expression MINUS scalar_expression
   16                  | OPAREN scalar_expression CPAREN
   17                  | variable
   18                  | FLOAT

   19 variable: XVAR
   20         | YVAR
   21         | ZVAR


Terminals, with rules where they appear

    "end of file" (0) 0 2 3
    error (256)
    OANGLE (258) 3
    CANGLE (259) 3
    COMMA (260) 7 8
    OPAREN (261) 9 10 11 16
    CPAREN (262) 9 10 11 16
    XVAR (263) 19
    YVAR (264) 20
    ZVAR (265) 21
    PLUS (266) 14
    MINUS (267) 15
    MULTIPLY (268) 12
    DIVIDE (269) 13
    FLOAT <double> (270) 18
    SIN (271) 9
    COS (272) 10
    TAN (273) 11


Nonterminals, with rules where they appear

    $accept (19)
        on left: 0
    expression (20)
        on left: 2 3
        on right: 0
    $@1 (21)
        on left: 1
        on right: 2
    vector_field (22)
        on left: 4 5
        on right: 3
    two_field (23)
        on left: 7
        on right: 5 8
    $@2 (24)
        on left: 6
        on right: 7
    three_field (25)
        on left: 8
        on right: 4
    scalar_expression (26)
        on left: 9 10 11 12 13 14 15 16 17 18
        on right: 2 7 8 9 10 11 12 13 14 15 16
    variable (27)
        on left: 19 20 21
        on right: 17


State 0

    0 $accept: • expression "end of file"

    OANGLE  shift, and go to state 1
    OPAREN  shift, and go to state 2
    XVAR    shift, and go to state 3
    YVAR    shift, and go to state 4
    ZVAR    shift, and go to state 5
    FLOAT   shift, and go to state 6
    SIN     shift, and go to state 7
    COS     shift, and go to state 8
    TAN     shift, and go to state 9

    expression         go to state 10
    scalar_expression  go to state 11
    variable           go to state 12


State 1

    3 expression: OANGLE • vector_field CANGLE "end of file"

    OPAREN  shift, and go to state 2
    XVAR    shift, and go to state 3
    YVAR    shift, and go to state 4
    ZVAR    shift, and go to state 5
    FLOAT   shift, and go to state 6
    SIN     shift, and go to state 7
    COS     shift, and go to state 8
    TAN     shift, and go to state 9

    vector_field       go to state 13
    two_field          go to state 14
    three_field        go to state 15
    scalar_expression  go to state 16
    variable           go to state 12


State 2

   16 scalar_expression: OPAREN • scalar_expression CPAREN

    OPAREN  shift, and go to state 2
    XVAR    shift, and go to state 3
    YVAR    shift, and go to state 4
    ZVAR    shift, and go to state 5
    FLOAT   shift, and go to state 6
    SIN     shift, and go to state 7
    COS     shift, and go to state 8
    TAN     shift, and go to state 9

    scalar_expression  go to state 17
    variable           go to state 12


State 3

   19 variable: XVAR •

    $default  reduce using rule 19 (variable)


State 4

   20 variable: YVAR •

    $default  reduce using rule 20 (variable)


State 5

   21 variable: ZVAR •

    $default  reduce using rule 21 (variable)


State 6

   18 scalar_expression: FLOAT •

    $default  reduce using rule 18 (scalar_expression)


State 7

    9 scalar_expression: SIN • OPAREN scalar_expression CPAREN

    OPAREN  shift, and go to state 18


State 8

   10 scalar_expression: COS • OPAREN scalar_expression CPAREN

    OPAREN  shift, and go to state 19


State 9

   11 scalar_expression: TAN • OPAREN scalar_expression CPAREN

    OPAREN  shift, and go to state 20


State 10

    0 $accept: expression • "end of file"

    "end of file"  shift, and go to state 21


State 11

    2 expression: scalar_expression • $@1 "end of file"
   12 scalar_expression: scalar_expression • MULTIPLY scalar_expression
   13                  | scalar_expression • DIVIDE scalar_expression
   14                  | scalar_expression • PLUS scalar_expression
   15                  | scalar_expression • MINUS scalar_expression

    PLUS      shift, and go to state 22
    MINUS     shift, and go to state 23
    MULTIPLY  shift, and go to state 24
    DIVIDE    shift, and go to state 25

    $default  reduce using rule 1 ($@1)

    $@1  go to state 26


State 12

   17 scalar_expression: variable •

    $default  reduce using rule 17 (scalar_expression)


State 13

    3 expression: OANGLE vector_field • CANGLE "end of file"

    CANGLE  shift, and go to state 27


State 14

    5 vector_field: two_field •
    8 three_field: two_field • COMMA scalar_expression

    COMMA  shift, and go to state 28

    $default  reduce using rule 5 (vector_field)


State 15

    4 vector_field: three_field •

    $default  reduce using rule 4 (vector_field)


State 16

    7 two_field: scalar_expression • $@2 COMMA scalar_expression
   12 scalar_expression: scalar_expression • MULTIPLY scalar_expression
   13                  | scalar_expression • DIVIDE scalar_expression
   14                  | scalar_expression • PLUS scalar_expression
   15                  | scalar_expression • MINUS scalar_expression

    PLUS      shift, and go to state 22
    MINUS     shift, and go to state 23
    MULTIPLY  shift, and go to state 24
    DIVIDE    shift, and go to state 25

    $default  reduce using rule 6 ($@2)

    $@2  go to state 29


State 17

   12 scalar_expression: scalar_expression • MULTIPLY scalar_expression
   13                  | scalar_expression • DIVIDE scalar_expression
   14                  | scalar_expression • PLUS scalar_expression
   15                  | scalar_expression • MINUS scalar_expression
   16                  | OPAREN scalar_expression • CPAREN

    CPAREN    shift, and go to state 30
    PLUS      shift, and go to state 22
    MINUS     shift, and go to state 23
    MULTIPLY  shift, and go to state 24
    DIVIDE    shift, and go to state 25


State 18

    9 scalar_expression: SIN OPAREN • scalar_expression CPAREN

    OPAREN  shift, and go to state 2
    XVAR    shift, and go to state 3
    YVAR    shift, and go to state 4
    ZVAR    shift, and go to state 5
    FLOAT   shift, and go to state 6
    SIN     shift, and go to state 7
    COS     shift, and go to state 8
    TAN     shift, and go to state 9

    scalar_expression  go to state 31
    variable           go to state 12


State 19

   10 scalar_expression: COS OPAREN • scalar_expression CPAREN

    OPAREN  shift, and go to state 2
    XVAR    shift, and go to state 3
    YVAR    shift, and go to state 4
    ZVAR    shift, and go to state 5
    FLOAT   shift, and go to state 6
    SIN     shift, and go to state 7
    COS     shift, and go to state 8
    TAN     shift, and go to state 9

    scalar_expression  go to state 32
    variable           go to state 12


State 20

   11 scalar_expression: TAN OPAREN • scalar_expression CPAREN

    OPAREN  shift, and go to state 2
    XVAR    shift, and go to state 3
    YVAR    shift, and go to state 4
    ZVAR    shift, and go to state 5
    FLOAT   shift, and go to state 6
    SIN     shift, and go to state 7
    COS     shift, and go to state 8
    TAN     shift, and go to state 9

    scalar_expression  go to state 33
    variable           go to state 12


State 21

    0 $accept: expression "end of file" •

    $default  accept


State 22

   14 scalar_expression: scalar_expression PLUS • scalar_expression

    OPAREN  shift, and go to state 2
    XVAR    shift, and go to state 3
    YVAR    shift, and go to state 4
    ZVAR    shift, and go to state 5
    FLOAT   shift, and go to state 6
    SIN     shift, and go to state 7
    COS     shift, and go to state 8
    TAN     shift, and go to state 9

    scalar_expression  go to state 34
    variable           go to state 12


State 23

   15 scalar_expression: scalar_expression MINUS • scalar_expression

    OPAREN  shift, and go to state 2
    XVAR    shift, and go to state 3
    YVAR    shift, and go to state 4
    ZVAR    shift, and go to state 5
    FLOAT   shift, and go to state 6
    SIN     shift, and go to state 7
    COS     shift, and go to state 8
    TAN     shift, and go to state 9

    scalar_expression  go to state 35
    variable           go to state 12


State 24

   12 scalar_expression: scalar_expression MULTIPLY • scalar_expression

    OPAREN  shift, and go to state 2
    XVAR    shift, and go to state 3
    YVAR    shift, and go to state 4
    ZVAR    shift, and go to state 5
    FLOAT   shift, and go to state 6
    SIN     shift, and go to state 7
    COS     shift, and go to state 8
    TAN     shift, and go to state 9

    scalar_expression  go to state 36
    variable           go to state 12


State 25

   13 scalar_expression: scalar_expression DIVIDE • scalar_expression

    OPAREN  shift, and go to state 2
    XVAR    shift, and go to state 3
    YVAR    shift, and go to state 4
    ZVAR    shift, and go to state 5
    FLOAT   shift, and go to state 6
    SIN     shift, and go to state 7
    COS     shift, and go to state 8
    TAN     shift, and go to state 9

    scalar_expression  go to state 37
    variable           go to state 12


State 26

    2 expression: scalar_expression $@1 • "end of file"

    "end of file"  shift, and go to state 38


State 27

    3 expression: OANGLE vector_field CANGLE • "end of file"

    "end of file"  shift, and go to state 39


State 28

    8 three_field: two_field COMMA • scalar_expression

    OPAREN  shift, and go to state 2
    XVAR    shift, and go to state 3
    YVAR    shift, and go to state 4
    ZVAR    shift, and go to state 5
    FLOAT   shift, and go to state 6
    SIN     shift, and go to state 7
    COS     shift, and go to state 8
    TAN     shift, and go to state 9

    scalar_expression  go to state 40
    variable           go to state 12


State 29

    7 two_field: scalar_expression $@2 • COMMA scalar_expression

    COMMA  shift, and go to state 41


State 30

   16 scalar_expression: OPAREN scalar_expression CPAREN •

    $default  reduce using rule 16 (scalar_expression)


State 31

    9 scalar_expression: SIN OPAREN scalar_expression • CPAREN
   12                  | scalar_expression • MULTIPLY scalar_expression
   13                  | scalar_expression • DIVIDE scalar_expression
   14                  | scalar_expression • PLUS scalar_expression
   15                  | scalar_expression • MINUS scalar_expression

    CPAREN    shift, and go to state 42
    PLUS      shift, and go to state 22
    MINUS     shift, and go to state 23
    MULTIPLY  shift, and go to state 24
    DIVIDE    shift, and go to state 25


State 32

   10 scalar_expression: COS OPAREN scalar_expression • CPAREN
   12                  | scalar_expression • MULTIPLY scalar_expression
   13                  | scalar_expression • DIVIDE scalar_expression
   14                  | scalar_expression • PLUS scalar_expression
   15                  | scalar_expression • MINUS scalar_expression

    CPAREN    shift, and go to state 43
    PLUS      shift, and go to state 22
    MINUS     shift, and go to state 23
    MULTIPLY  shift, and go to state 24
    DIVIDE    shift, and go to state 25


State 33

   11 scalar_expression: TAN OPAREN scalar_expression • CPAREN
   12                  | scalar_expression • MULTIPLY scalar_expression
   13                  | scalar_expression • DIVIDE scalar_expression
   14                  | scalar_expression • PLUS scalar_expression
   15                  | scalar_expression • MINUS scalar_expression

    CPAREN    shift, and go to state 44
    PLUS      shift, and go to state 22
    MINUS     shift, and go to state 23
    MULTIPLY  shift, and go to state 24
    DIVIDE    shift, and go to state 25


State 34

   12 scalar_expression: scalar_expression • MULTIPLY scalar_expression
   13                  | scalar_expression • DIVIDE scalar_expression
   14                  | scalar_expression • PLUS scalar_expression
   14                  | scalar_expression PLUS scalar_expression •
   15                  | scalar_expression • MINUS scalar_expression

    PLUS      shift, and go to state 22
    MINUS     shift, and go to state 23
    MULTIPLY  shift, and go to state 24
    DIVIDE    shift, and go to state 25

    PLUS      [reduce using rule 14 (scalar_expression)]
    MINUS     [reduce using rule 14 (scalar_expression)]
    MULTIPLY  [reduce using rule 14 (scalar_expression)]
    DIVIDE    [reduce using rule 14 (scalar_expression)]
    $default  reduce using rule 14 (scalar_expression)


State 35

   12 scalar_expression: scalar_expression • MULTIPLY scalar_expression
   13                  | scalar_expression • DIVIDE scalar_expression
   14                  | scalar_expression • PLUS scalar_expression
   15                  | scalar_expression • MINUS scalar_expression
   15                  | scalar_expression MINUS scalar_expression •

    PLUS      shift, and go to state 22
    MINUS     shift, and go to state 23
    MULTIPLY  shift, and go to state 24
    DIVIDE    shift, and go to state 25

    PLUS      [reduce using rule 15 (scalar_expression)]
    MINUS     [reduce using rule 15 (scalar_expression)]
    MULTIPLY  [reduce using rule 15 (scalar_expression)]
    DIVIDE    [reduce using rule 15 (scalar_expression)]
    $default  reduce using rule 15 (scalar_expression)


State 36

   12 scalar_expression: scalar_expression • MULTIPLY scalar_expression
   12                  | scalar_expression MULTIPLY scalar_expression •
   13                  | scalar_expression • DIVIDE scalar_expression
   14                  | scalar_expression • PLUS scalar_expression
   15                  | scalar_expression • MINUS scalar_expression

    PLUS      shift, and go to state 22
    MINUS     shift, and go to state 23
    MULTIPLY  shift, and go to state 24
    DIVIDE    shift, and go to state 25

    PLUS      [reduce using rule 12 (scalar_expression)]
    MINUS     [reduce using rule 12 (scalar_expression)]
    MULTIPLY  [reduce using rule 12 (scalar_expression)]
    DIVIDE    [reduce using rule 12 (scalar_expression)]
    $default  reduce using rule 12 (scalar_expression)


State 37

   12 scalar_expression: scalar_expression • MULTIPLY scalar_expression
   13                  | scalar_expression • DIVIDE scalar_expression
   13                  | scalar_expression DIVIDE scalar_expression •
   14                  | scalar_expression • PLUS scalar_expression
   15                  | scalar_expression • MINUS scalar_expression

    PLUS      shift, and go to state 22
    MINUS     shift, and go to state 23
    MULTIPLY  shift, and go to state 24
    DIVIDE    shift, and go to state 25

    PLUS      [reduce using rule 13 (scalar_expression)]
    MINUS     [reduce using rule 13 (scalar_expression)]
    MULTIPLY  [reduce using rule 13 (scalar_expression)]
    DIVIDE    [reduce using rule 13 (scalar_expression)]
    $default  reduce using rule 13 (scalar_expression)


State 38

    2 expression: scalar_expression $@1 "end of file" •

    $default  reduce using rule 2 (expression)


State 39

    3 expression: OANGLE vector_field CANGLE "end of file" •

    $default  reduce using rule 3 (expression)


State 40

    8 three_field: two_field COMMA scalar_expression •
   12 scalar_expression: scalar_expression • MULTIPLY scalar_expression
   13                  | scalar_expression • DIVIDE scalar_expression
   14                  | scalar_expression • PLUS scalar_expression
   15                  | scalar_expression • MINUS scalar_expression

    PLUS      shift, and go to state 22
    MINUS     shift, and go to state 23
    MULTIPLY  shift, and go to state 24
    DIVIDE    shift, and go to state 25

    $default  reduce using rule 8 (three_field)


State 41

    7 two_field: scalar_expression $@2 COMMA • scalar_expression

    OPAREN  shift, and go to state 2
    XVAR    shift, and go to state 3
    YVAR    shift, and go to state 4
    ZVAR    shift, and go to state 5
    FLOAT   shift, and go to state 6
    SIN     shift, and go to state 7
    COS     shift, and go to state 8
    TAN     shift, and go to state 9

    scalar_expression  go to state 45
    variable           go to state 12


State 42

    9 scalar_expression: SIN OPAREN scalar_expression CPAREN •

    $default  reduce using rule 9 (scalar_expression)


State 43

   10 scalar_expression: COS OPAREN scalar_expression CPAREN •

    $default  reduce using rule 10 (scalar_expression)


State 44

   11 scalar_expression: TAN OPAREN scalar_expression CPAREN •

    $default  reduce using rule 11 (scalar_expression)


State 45

    7 two_field: scalar_expression $@2 COMMA scalar_expression •
   12 scalar_expression: scalar_expression • MULTIPLY scalar_expression
   13                  | scalar_expression • DIVIDE scalar_expression
   14                  | scalar_expression • PLUS scalar_expression
   15                  | scalar_expression • MINUS scalar_expression

    PLUS      shift, and go to state 22
    MINUS     shift, and go to state 23
    MULTIPLY  shift, and go to state 24
    DIVIDE    shift, and go to state 25

    $default  reduce using rule 7 (two_field)
